#
# There is insufficient memory for the Java Runtime Environment to continue.
# Native memory allocation (mmap) failed to map 264241152 bytes. Error detail: G1 virtual space
# Possible reasons:
#   The system is out of physical RAM or swap space
#   This process is running with CompressedOops enabled, and the Java Heap may be blocking the growth of the native heap
# Possible solutions:
#   Reduce memory load on the system
#   Increase physical memory or swap space
#   Check if swap backing store is full
#   Decrease Java heap size (-Xmx/-Xms)
#   Decrease number of Java threads
#   Decrease Java thread stack sizes (-Xss)
#   Set larger code cache with -XX:ReservedCodeCacheSize=
#   JVM is running with Zero Based Compressed Oops mode in which the Java heap is
#     placed in the first 32GB address space. The Java Heap base address is the
#     maximum limit for the native heap growth. Please use -XX:HeapBaseMinAddress
#     to set the Java Heap base and to place the Java Heap above 32GB virtual address.
# This output file may be truncated or incomplete.
#
#  Out of Memory Error (os_windows.cpp:3603), pid=18124, tid=26784
#
# JRE version:  (21.0.3+9) (build )
# Java VM: OpenJDK 64-Bit Server VM (21.0.3+9-LTS, mixed mode, sharing, tiered, compressed oops, compressed class ptrs, g1 gc, windows-amd64)
# No core dump will be written. Minidumps are not enabled by default on client versions of Windows
#

---------------  S U M M A R Y ------------

Command Line: -Dfile.encoding=UTF-8 -Dstdout.encoding=UTF-8 -Dstderr.encoding=UTF-8 --module-path=C:\Users\004KDG744\Desktop\MicroservicePractise\DS_Practise\bin -XX:+ShowCodeDetailsInExceptionMessages -Djdk.module.main=DS_Practise DS_Practise/com.practise.exceptions.SerializationExample

Host: 11th Gen Intel(R) Core(TM) i5-1145G7 @ 2.60GHz, 8 cores, 15G,  Windows 11 , 64 bit Build 22621 (10.0.22621.3672)
Time: Tue Aug 13 11:34:36 2024 India Standard Time elapsed time: 0.050287 seconds (0d 0h 0m 0s)

---------------  T H R E A D  ---------------

Current thread (0x00000262c9e8f5e0):  JavaThread "Unknown thread" [_thread_in_vm, id=26784, stack(0x000000f105200000,0x000000f105300000) (1024K)]

Stack: [0x000000f105200000,0x000000f105300000]
Native frames: (J=compiled Java code, j=interpreted, Vv=VM code, C=native code)
V  [jvm.dll+0x6c8699]
V  [jvm.dll+0x8a2061]
V  [jvm.dll+0x8a458e]
V  [jvm.dll+0x8a4c63]
V  [jvm.dll+0x27e476]
V  [jvm.dll+0x6c4e15]
V  [jvm.dll+0x6b9b0a]
V  [jvm.dll+0x3523ba]
V  [jvm.dll+0x359f66]
V  [jvm.dll+0x3ab1be]
V  [jvm.dll+0x3ab468]
V  [jvm.dll+0x3265fc]
V  [jvm.dll+0x32715b]
V  [jvm.dll+0x86b0b9]
V  [jvm.dll+0x3b81c1]
V  [jvm.dll+0x854318]
V  [jvm.dll+0x44c55e]
V  [jvm.dll+0x44e081]
C  [jli.dll+0x5278]
C  [ucrtbase.dll+0x29333]
C  [KERNEL32.DLL+0x1257d]
C  [ntdll.dll+0x5af28]


---------------  P R O C E S S  ---------------

Threads class SMR info:
_java_thread_list=0x00007ffcc15be048, length=0, elements={
}

Java Threads: ( => current thread )
Total: 0

Other Threads:
  0x00000262c9eed900 WorkerThread "GC Thread#0"                     [id=22944, stack(0x000000f105300000,0x000000f105400000) (1024K)]
  0x00000262c9efe5e0 ConcurrentGCThread "G1 Main Marker"            [id=26028, stack(0x000000f105400000,0x000000f105500000) (1024K)]
  0x00000262c9eff880 WorkerThread "G1 Conc#0"                       [id=8360, stack(0x000000f105500000,0x000000f105600000) (1024K)]

[error occurred during error reporting (printing all threads), id 0xc0000005, EXCEPTION_ACCESS_VIOLATION (0xc0000005) at pc=0x00007ffcc0cc8f27]
VM state: not at safepoint (not fully initialized)

VM Mutex/Monitor currently owned by a thread:  ([mutex/lock_event])
[0x00007ffcc1632228] Heap_lock - owner thread: 0x00000262c9e8f5e0

Heap address: 0x0000000704a00000, size: 4022 MB, Compressed Oops mode: Zero based, Oop shift amount: 3

CDS archive(s) mapped at: [0x0000000000000000-0x0000000000000000-0x0000000000000000), size 0, SharedBaseAddress: 0x0000000800000000, ArchiveRelocationMode: 1.
Narrow klass base: 0x0000000000000000, Narrow klass shift: 0, Narrow klass range: 0x0

GC Precious Log:
 CardTable entry size: 512
 Card Set container configuration: InlinePtr #cards 4 size 8 Array Of Cards #cards 16 size 48 Howl #buckets 8 coarsen threshold 3686 Howl Bitmap #cards 512 size 80 coarsen threshold 460 Card regions per heap region 1 cards per card region 4096

Heap:
 garbage-first heap   total 0K, used 0K [0x0000000704a00000, 0x0000000800000000)
  region size 2048K, 0 young (0K), 0 survivors (0K)

[error occurred during error reporting (printing heap information), id 0xc0000005, EXCEPTION_ACCESS_VIOLATION (0xc0000005) at pc=0x00007ffcc10b2069]
GC Heap History (0 events):
No events

Dll operation events (1 events):
Event: 0.042 Loaded shared library C:\Users\004KDG744\Downloads\sts-4.23.1.RELEASE\plugins\org.eclipse.justj.openjdk.hotspot.jre.full.win32.x86_64_21.0.3.v20240426-1530\jre\bin\java.dll

Deoptimization events (0 events):
No events

Classes loaded (0 events):
No events

Classes unloaded (0 events):
No events

Classes redefined (0 events):
No events

Internal exceptions (0 events):
No events

ZGC Phase Switch (0 events):
No events

VM Operations (0 events):
No events

Events (0 events):
No events


Dynamic libraries:
0x00007ff638420000 - 0x00007ff63842e000 	C:\Users\004KDG744\Downloads\sts-4.23.1.RELEASE\plugins\org.eclipse.justj.openjdk.hotspot.jre.full.win32.x86_64_21.0.3.v20240426-1530\jre\bin\javaw.exe
0x00007ffd4d2f0000 - 0x00007ffd4d507000 	C:\WINDOWS\SYSTEM32\ntdll.dll
0x00007ffd4c3d0000 - 0x00007ffd4c494000 	C:\WINDOWS\System32\KERNEL32.DLL
0x00007ffd4ac80000 - 0x00007ffd4b02d000 	C:\WINDOWS\System32\KERNELBASE.dll
0x00007ffd4a860000 - 0x00007ffd4a971000 	C:\WINDOWS\System32\ucrtbase.dll
0x00007ffd421e0000 - 0x00007ffd421fb000 	C:\Users\004KDG744\Downloads\sts-4.23.1.RELEASE\plugins\org.eclipse.justj.openjdk.hotspot.jre.full.win32.x86_64_21.0.3.v20240426-1530\jre\bin\VCRUNTIME140.dll
0x00007ffd30fe0000 - 0x00007ffd30ff8000 	C:\Users\004KDG744\Downloads\sts-4.23.1.RELEASE\plugins\org.eclipse.justj.openjdk.hotspot.jre.full.win32.x86_64_21.0.3.v20240426-1530\jre\bin\jli.dll
0x00007ffd4c9e0000 - 0x00007ffd4cb8e000 	C:\WINDOWS\System32\USER32.dll
0x00007ffd27650000 - 0x00007ffd278e3000 	C:\WINDOWS\WinSxS\amd64_microsoft.windows.common-controls_6595b64144ccf1df_6.0.22621.3672_none_2713b9d173822955\COMCTL32.dll
0x00007ffd4bca0000 - 0x00007ffd4bd47000 	C:\WINDOWS\System32\msvcrt.dll
0x00007ffd4a6f0000 - 0x00007ffd4a716000 	C:\WINDOWS\System32\win32u.dll
0x00007ffd4b030000 - 0x00007ffd4b059000 	C:\WINDOWS\System32\GDI32.dll
0x00007ffd4a9f0000 - 0x00007ffd4ab09000 	C:\WINDOWS\System32\gdi32full.dll
0x00007ffd4a620000 - 0x00007ffd4a6ba000 	C:\WINDOWS\System32\msvcp_win.dll
0x00007ffd4cb90000 - 0x00007ffd4cbc1000 	C:\WINDOWS\System32\IMM32.DLL
0x00007ffd44c10000 - 0x00007ffd44c1c000 	C:\Users\004KDG744\Downloads\sts-4.23.1.RELEASE\plugins\org.eclipse.justj.openjdk.hotspot.jre.full.win32.x86_64_21.0.3.v20240426-1530\jre\bin\vcruntime140_1.dll
0x00007ffd2e100000 - 0x00007ffd2e18e000 	C:\Users\004KDG744\Downloads\sts-4.23.1.RELEASE\plugins\org.eclipse.justj.openjdk.hotspot.jre.full.win32.x86_64_21.0.3.v20240426-1530\jre\bin\msvcp140.dll
0x00007ffcc0990000 - 0x00007ffcc1712000 	C:\Users\004KDG744\Downloads\sts-4.23.1.RELEASE\plugins\org.eclipse.justj.openjdk.hotspot.jre.full.win32.x86_64_21.0.3.v20240426-1530\jre\bin\server\jvm.dll
0x00007ffd4c920000 - 0x00007ffd4c9d2000 	C:\WINDOWS\System32\ADVAPI32.dll
0x00007ffd4cbd0000 - 0x00007ffd4cc79000 	C:\WINDOWS\System32\sechost.dll
0x00007ffd4a6c0000 - 0x00007ffd4a6e8000 	C:\WINDOWS\System32\bcrypt.dll
0x00007ffd4bf10000 - 0x00007ffd4c024000 	C:\WINDOWS\System32\RPCRT4.dll
0x00007ffd4d230000 - 0x00007ffd4d2a1000 	C:\WINDOWS\System32\WS2_32.dll
0x00007ffd4a330000 - 0x00007ffd4a37d000 	C:\WINDOWS\SYSTEM32\POWRPROF.dll
0x00007ffd424c0000 - 0x00007ffd424f4000 	C:\WINDOWS\SYSTEM32\WINMM.dll
0x00007ffd424b0000 - 0x00007ffd424ba000 	C:\WINDOWS\SYSTEM32\VERSION.dll
0x00007ffd4a310000 - 0x00007ffd4a323000 	C:\WINDOWS\SYSTEM32\UMPDC.dll
0x00007ffd49520000 - 0x00007ffd49538000 	C:\WINDOWS\SYSTEM32\kernel.appcore.dll
0x00007ffd42210000 - 0x00007ffd4221a000 	C:\Users\004KDG744\Downloads\sts-4.23.1.RELEASE\plugins\org.eclipse.justj.openjdk.hotspot.jre.full.win32.x86_64_21.0.3.v20240426-1530\jre\bin\jimage.dll
0x00007ffd47d10000 - 0x00007ffd47f42000 	C:\WINDOWS\SYSTEM32\DBGHELP.DLL
0x00007ffd4b910000 - 0x00007ffd4bc98000 	C:\WINDOWS\System32\combase.dll
0x00007ffd4bdc0000 - 0x00007ffd4be97000 	C:\WINDOWS\System32\OLEAUT32.dll
0x00007ffd35f90000 - 0x00007ffd35fc2000 	C:\WINDOWS\SYSTEM32\dbgcore.DLL
0x00007ffd4a720000 - 0x00007ffd4a79b000 	C:\WINDOWS\System32\bcryptPrimitives.dll
0x00007ffd403f0000 - 0x00007ffd4040f000 	C:\Users\004KDG744\Downloads\sts-4.23.1.RELEASE\plugins\org.eclipse.justj.openjdk.hotspot.jre.full.win32.x86_64_21.0.3.v20240426-1530\jre\bin\java.dll

dbghelp: loaded successfully - version: 4.0.5 - missing functions: none
symbol engine: initialized successfully - sym options: 0x614 - pdb path: .;C:\Users\004KDG744\Downloads\sts-4.23.1.RELEASE\plugins\org.eclipse.justj.openjdk.hotspot.jre.full.win32.x86_64_21.0.3.v20240426-1530\jre\bin;C:\WINDOWS\SYSTEM32;C:\WINDOWS\WinSxS\amd64_microsoft.windows.common-controls_6595b64144ccf1df_6.0.22621.3672_none_2713b9d173822955;C:\Users\004KDG744\Downloads\sts-4.23.1.RELEASE\plugins\org.eclipse.justj.openjdk.hotspot.jre.full.win32.x86_64_21.0.3.v20240426-1530\jre\bin\server

VM Arguments:
jvm_args: -Dfile.encoding=UTF-8 -Dstdout.encoding=UTF-8 -Dstderr.encoding=UTF-8 --module-path=C:\Users\004KDG744\Desktop\MicroservicePractise\DS_Practise\bin -XX:+ShowCodeDetailsInExceptionMessages -Djdk.module.main=DS_Practise 
java_command: DS_Practise/com.practise.exceptions.SerializationExample
java_class_path (initial): <not set>
Launcher Type: SUN_STANDARD

[Global flags]
     intx CICompilerCount                          = 4                                         {product} {ergonomic}
     uint ConcGCThreads                            = 2                                         {product} {ergonomic}
     uint G1ConcRefinementThreads                  = 8                                         {product} {ergonomic}
   size_t G1HeapRegionSize                         = 2097152                                   {product} {ergonomic}
    uintx GCDrainStackTargetSize                   = 64                                        {product} {ergonomic}
   size_t InitialHeapSize                          = 264241152                                 {product} {ergonomic}
   size_t MarkStackSize                            = 4194304                                   {product} {ergonomic}
   size_t MaxHeapSize                              = 4217372672                                {product} {ergonomic}
   size_t MinHeapDeltaBytes                        = 2097152                                   {product} {ergonomic}
   size_t MinHeapSize                              = 8388608                                   {product} {ergonomic}
    uintx NonNMethodCodeHeapSize                   = 5839372                                {pd product} {ergonomic}
    uintx NonProfiledCodeHeapSize                  = 122909434                              {pd product} {ergonomic}
    uintx ProfiledCodeHeapSize                     = 122909434                              {pd product} {ergonomic}
    uintx ReservedCodeCacheSize                    = 251658240                              {pd product} {ergonomic}
     bool SegmentedCodeCache                       = true                                      {product} {ergonomic}
     bool ShowCodeDetailsInExceptionMessages       = true                                   {manageable} {command line}
   size_t SoftMaxHeapSize                          = 4217372672                             {manageable} {ergonomic}
     bool UseCompressedOops                        = true                           {product lp64_product} {ergonomic}
     bool UseG1GC                                  = true                                      {product} {ergonomic}
     bool UseLargePagesIndividualAllocation        = false                                  {pd product} {ergonomic}

Logging:
Log output configuration:
 #0: stdout all=warning uptime,level,tags foldmultilines=false
 #1: stderr all=off uptime,level,tags foldmultilines=false

Environment Variables:
PATH=C:/Users/004KDG744/Downloads/sts-4.23.1.RELEASE//plugins/org.eclipse.justj.openjdk.hotspot.jre.full.win32.x86_64_21.0.3.v20240426-1530/jre/bin/server;C:/Users/004KDG744/Downloads/sts-4.23.1.RELEASE//plugins/org.eclipse.justj.openjdk.hotspot.jre.full.win32.x86_64_21.0.3.v20240426-1530/jre/bin;C:\Program Files\Python312\Scripts\;C:\Program Files\Python312\;C:\Program Files\Common Files\Oracle\Java\javapath;C:\WINDOWS\system32;C:\WINDOWS;C:\WINDOWS\System32\Wbem;C:\WINDOWS\System32\WindowsPowerShell\v1.0\;C:\WINDOWS\System32\OpenSSH\;"C:\Program Files\Java\jdk-17\bin;";C:\Program Files\apache-maven-3.9.2\bin;C:\Program Files\Amazon\AWSCLIV2\;C:\Program Files\MySQL\MySQL Server 8.0\bin;C:\Program Files\Git\cmd;C:\HashiCorp\Vagrant\bin;C:\Program Files\nodejs\;C:\Program Files\RedHat\Podman\;C:\Users\004KDG744\AppData\Local\Microsoft\WindowsApps;C:\Users\004KDG744\AppData\Local\Programs\Microsoft VS Code\bin;"%JAVA_HOME%\bin;";C:\Program Files\apache-maven-3.9.2\bin;C:\VagrantBoxes;C:\Users\004KDG744\AppData\Roaming\npm;C:\Minikube;;C:\Users\004KDG744\Downloads\sts-4.23.1.RELEASE;
USERNAME=RavindraPawar
OS=Windows_NT
PROCESSOR_IDENTIFIER=Intel64 Family 6 Model 140 Stepping 1, GenuineIntel
TMP=C:\Users\004KDG~1\AppData\Local\Temp
TEMP=C:\Users\004KDG~1\AppData\Local\Temp




Periodic native trim disabled

---------------  S Y S T E M  ---------------

OS:
 Windows 11 , 64 bit Build 22621 (10.0.22621.3672)
OS uptime: 25 days 16:27 hours
Hyper-V role detected

CPU: total 8 (initial active 8) (4 cores per cpu, 2 threads per core) family 6 model 140 stepping 1 microcode 0xb4, cx8, cmov, fxsr, ht, mmx, 3dnowpref, sse, sse2, sse3, ssse3, sse4.1, sse4.2, popcnt, lzcnt, tsc, tscinvbit, avx, avx2, aes, erms, clmul, bmi1, bmi2, adx, avx512f, avx512dq, avx512cd, avx512bw, avx512vl, sha, fma, vzeroupper, avx512_vpopcntdq, avx512_vpclmulqdq, avx512_vaes, avx512_vnni, clflush, clflushopt, clwb, avx512_vbmi2, avx512_vbmi, hv, rdtscp, rdpid, fsrm, gfni, avx512_bitalg, f16c, cet_ibt, cet_ss, avx512_ifma
Processor Information for processor 0
  Max Mhz: 2611, Current Mhz: 1004, Mhz Limit: 1096
Processor Information for processor 1
  Max Mhz: 2611, Current Mhz: 1104, Mhz Limit: 1096
Processor Information for processor 2
  Max Mhz: 2611, Current Mhz: 1004, Mhz Limit: 1096
Processor Information for processor 3
  Max Mhz: 2611, Current Mhz: 1104, Mhz Limit: 1096
Processor Information for processor 4
  Max Mhz: 2611, Current Mhz: 1104, Mhz Limit: 1096
Processor Information for processor 5
  Max Mhz: 2611, Current Mhz: 1104, Mhz Limit: 1096
Processor Information for processor 6
  Max Mhz: 2611, Current Mhz: 1104, Mhz Limit: 1096
Processor Information for processor 7
  Max Mhz: 2611, Current Mhz: 1004, Mhz Limit: 1096

Memory: 4k page, system-wide physical 16087M (1792M free)
TotalPageFile size 46327M (AvailPageFile size 119M)
current process WorkingSet (physical memory assigned to process): 11M, peak: 11M
current process commit charge ("private bytes"): 60M, peak: 312M

vm_info: OpenJDK 64-Bit Server VM (21.0.3+9-LTS) for windows-amd64 JRE (21.0.3+9-LTS), built on 2024-04-16T00:00:00Z by "admin" with MS VC++ 17.7 (VS2022)

END.
